<?xml version="1.0" encoding="UTF-8"?>
<testng-results ignored="0" total="1" passed="1" failed="0" skipped="0">
  <reporter-output>
  </reporter-output>
  <suite started-at="2024-03-17T13:24:53 IST" name="Default suite" finished-at="2024-03-17T13:25:12 IST" duration-ms="19067">
    <groups>
    </groups>
    <test started-at="2024-03-17T13:24:53 IST" name="Default test" finished-at="2024-03-17T13:25:12 IST" duration-ms="19067">
      <class name="pom.PomCallingHomepage">
        <test-method signature="dws()[pri:0, instance:pom.PomCallingHomepage@408d971b]" started-at="2024-03-17T13:24:53 IST" name="dws" finished-at="2024-03-17T13:25:12 IST" duration-ms="18997" status="PASS">
          <reporter-output>
          </reporter-output>
        </test-method> <!-- dws -->
      </class> <!-- pom.PomCallingHomepage -->
    </test> <!-- Default test -->
  </suite> <!-- Default suite -->
</testng-results>
